#! /usr/bin/vvp
:ivl_version "12.0 (stable)";
:ivl_delay_selection "TYPICAL";
:vpi_time_precision - 12;
:vpi_module "/usr/lib/x86_64-linux-gnu/ivl/system.vpi";
:vpi_module "/usr/lib/x86_64-linux-gnu/ivl/vhdl_sys.vpi";
:vpi_module "/usr/lib/x86_64-linux-gnu/ivl/vhdl_textio.vpi";
:vpi_module "/usr/lib/x86_64-linux-gnu/ivl/v2005_math.vpi";
:vpi_module "/usr/lib/x86_64-linux-gnu/ivl/va_math.vpi";
S_0x5e23d1a9b150 .scope module, "mini_core_tb" "mini_core_tb" 2 3;
 .timescale -9 -12;
v0x5e23d1ab0210_0 .var "clk", 0 0;
v0x5e23d1ab02b0_0 .var "rst", 0 0;
S_0x5e23d1a9b2e0 .scope module, "uut" "mini_core" 2 9, 3 1 0, S_0x5e23d1a9b150;
 .timescale 0 0;
    .port_info 0 /INPUT 1 "clk";
    .port_info 1 /INPUT 1 "rst";
v0x5e23d1a9b4e0_0 .var "alu_op", 1 0;
v0x5e23d1aafa80_0 .net "clk", 0 0, v0x5e23d1ab0210_0;  1 drivers
v0x5e23d1aafb40_0 .var "dest", 1 0;
v0x5e23d1aafc00 .array "memory", 15 0, 7 0;
v0x5e23d1aafcc0 .array "regfile", 3 0, 7 0;
v0x5e23d1aafe50_0 .var "result", 7 0;
v0x5e23d1aaff30_0 .net "rst", 0 0, v0x5e23d1ab02b0_0;  1 drivers
v0x5e23d1aafff0_0 .var "src1", 1 0;
v0x5e23d1ab00d0_0 .var "src2", 1 0;
E_0x5e23d1a86d90 .event posedge, v0x5e23d1aaff30_0, v0x5e23d1aafa80_0;
v0x5e23d1aafcc0_0 .array/port v0x5e23d1aafcc0, 0;
v0x5e23d1aafcc0_1 .array/port v0x5e23d1aafcc0, 1;
E_0x5e23d1a86f20/0 .event anyedge, v0x5e23d1a9b4e0_0, v0x5e23d1aafff0_0, v0x5e23d1aafcc0_0, v0x5e23d1aafcc0_1;
v0x5e23d1aafcc0_2 .array/port v0x5e23d1aafcc0, 2;
v0x5e23d1aafcc0_3 .array/port v0x5e23d1aafcc0, 3;
E_0x5e23d1a86f20/1 .event anyedge, v0x5e23d1aafcc0_2, v0x5e23d1aafcc0_3, v0x5e23d1ab00d0_0;
E_0x5e23d1a86f20 .event/or E_0x5e23d1a86f20/0, E_0x5e23d1a86f20/1;
    .scope S_0x5e23d1a9b2e0;
T_0 ;
    %wait E_0x5e23d1a86f20;
    %load/vec4 v0x5e23d1a9b4e0_0;
    %dup/vec4;
    %pushi/vec4 0, 0, 2;
    %cmp/u;
    %jmp/1 T_0.0, 6;
    %dup/vec4;
    %pushi/vec4 1, 0, 2;
    %cmp/u;
    %jmp/1 T_0.1, 6;
    %dup/vec4;
    %pushi/vec4 2, 0, 2;
    %cmp/u;
    %jmp/1 T_0.2, 6;
    %dup/vec4;
    %pushi/vec4 3, 0, 2;
    %cmp/u;
    %jmp/1 T_0.3, 6;
    %jmp T_0.4;
T_0.0 ;
    %load/vec4 v0x5e23d1aafff0_0;
    %pad/u 4;
    %ix/vec4 4;
    %load/vec4a v0x5e23d1aafcc0, 4;
    %load/vec4 v0x5e23d1ab00d0_0;
    %pad/u 4;
    %ix/vec4 4;
    %load/vec4a v0x5e23d1aafcc0, 4;
    %add;
    %store/vec4 v0x5e23d1aafe50_0, 0, 8;
    %jmp T_0.4;
T_0.1 ;
    %load/vec4 v0x5e23d1aafff0_0;
    %pad/u 4;
    %ix/vec4 4;
    %load/vec4a v0x5e23d1aafcc0, 4;
    %load/vec4 v0x5e23d1ab00d0_0;
    %pad/u 4;
    %ix/vec4 4;
    %load/vec4a v0x5e23d1aafcc0, 4;
    %sub;
    %store/vec4 v0x5e23d1aafe50_0, 0, 8;
    %jmp T_0.4;
T_0.2 ;
    %load/vec4 v0x5e23d1aafff0_0;
    %pad/u 4;
    %ix/vec4 4;
    %load/vec4a v0x5e23d1aafcc0, 4;
    %load/vec4 v0x5e23d1ab00d0_0;
    %pad/u 4;
    %ix/vec4 4;
    %load/vec4a v0x5e23d1aafcc0, 4;
    %and;
    %store/vec4 v0x5e23d1aafe50_0, 0, 8;
    %jmp T_0.4;
T_0.3 ;
    %load/vec4 v0x5e23d1aafff0_0;
    %pad/u 4;
    %ix/vec4 4;
    %load/vec4a v0x5e23d1aafcc0, 4;
    %load/vec4 v0x5e23d1ab00d0_0;
    %pad/u 4;
    %ix/vec4 4;
    %load/vec4a v0x5e23d1aafcc0, 4;
    %or;
    %store/vec4 v0x5e23d1aafe50_0, 0, 8;
    %jmp T_0.4;
T_0.4 ;
    %pop/vec4 1;
    %jmp T_0;
    .thread T_0, $push;
    .scope S_0x5e23d1a9b2e0;
T_1 ;
    %wait E_0x5e23d1a86d90;
    %load/vec4 v0x5e23d1aaff30_0;
    %flag_set/vec4 8;
    %jmp/0xz  T_1.0, 8;
    %pushi/vec4 5, 0, 8;
    %ix/load 3, 0, 0;
    %flag_set/imm 4, 0;
    %ix/load 4, 0, 0; Constant delay
    %assign/vec4/a/d v0x5e23d1aafcc0, 0, 4;
    %pushi/vec4 3, 0, 8;
    %ix/load 3, 1, 0;
    %flag_set/imm 4, 0;
    %ix/load 4, 0, 0; Constant delay
    %assign/vec4/a/d v0x5e23d1aafcc0, 0, 4;
    %pushi/vec4 0, 0, 8;
    %ix/load 3, 2, 0;
    %flag_set/imm 4, 0;
    %ix/load 4, 0, 0; Constant delay
    %assign/vec4/a/d v0x5e23d1aafcc0, 0, 4;
    %pushi/vec4 0, 0, 8;
    %ix/load 3, 3, 0;
    %flag_set/imm 4, 0;
    %ix/load 4, 0, 0; Constant delay
    %assign/vec4/a/d v0x5e23d1aafcc0, 0, 4;
    %pushi/vec4 0, 0, 8;
    %ix/load 3, 0, 0;
    %flag_set/imm 4, 0;
    %ix/load 4, 0, 0; Constant delay
    %assign/vec4/a/d v0x5e23d1aafc00, 0, 4;
    %pushi/vec4 0, 0, 2;
    %assign/vec4 v0x5e23d1a9b4e0_0, 0;
    %pushi/vec4 0, 0, 2;
    %assign/vec4 v0x5e23d1aafff0_0, 0;
    %pushi/vec4 1, 0, 2;
    %assign/vec4 v0x5e23d1ab00d0_0, 0;
    %pushi/vec4 2, 0, 2;
    %assign/vec4 v0x5e23d1aafb40_0, 0;
    %jmp T_1.1;
T_1.0 ;
    %load/vec4 v0x5e23d1aafe50_0;
    %load/vec4 v0x5e23d1aafb40_0;
    %pad/u 4;
    %ix/vec4 3;
    %ix/load 4, 0, 0; Constant delay
    %assign/vec4/a/d v0x5e23d1aafcc0, 0, 4;
    %load/vec4 v0x5e23d1aafb40_0;
    %pad/u 4;
    %ix/vec4 4;
    %load/vec4a v0x5e23d1aafcc0, 4;
    %ix/load 3, 0, 0;
    %flag_set/imm 4, 0;
    %ix/load 4, 0, 0; Constant delay
    %assign/vec4/a/d v0x5e23d1aafc00, 0, 4;
T_1.1 ;
    %jmp T_1;
    .thread T_1;
    .scope S_0x5e23d1a9b150;
T_2 ;
    %pushi/vec4 0, 0, 1;
    %store/vec4 v0x5e23d1ab0210_0, 0, 1;
T_2.0 ;
    %delay 5000, 0;
    %load/vec4 v0x5e23d1ab0210_0;
    %inv;
    %store/vec4 v0x5e23d1ab0210_0, 0, 1;
    %jmp T_2.0;
    %end;
    .thread T_2;
    .scope S_0x5e23d1a9b150;
T_3 ;
    %pushi/vec4 1, 0, 1;
    %store/vec4 v0x5e23d1ab02b0_0, 0, 1;
    %delay 10000, 0;
    %pushi/vec4 0, 0, 1;
    %store/vec4 v0x5e23d1ab02b0_0, 0, 1;
    %delay 50000, 0;
    %delay 100000, 0;
    %vpi_call 2 31 "$finish" {0 0 0};
    %end;
    .thread T_3;
    .scope S_0x5e23d1a9b150;
T_4 ;
    %vpi_call 2 36 "$dumpfile", "mini_core.vcd" {0 0 0};
    %vpi_call 2 37 "$dumpvars", 32'sb00000000000000000000000000000000, S_0x5e23d1a9b150 {0 0 0};
    %vpi_call 2 38 "$dumpvars", 32'sb00000000000000000000000000000000, S_0x5e23d1a9b2e0 {0 0 0};
    %end;
    .thread T_4;
# The file index is used to find the file name in the following table.
:file_names 4;
    "N/A";
    "<interactive>";
    "tb/mini_core_tb.v";
    "src/mini_core.v";
